Performing C++ SOURCE FILE Test HAVE_DECLSPEC_NOINLINE failed with the following output:
Change Dir: /Users/andewx/Developer/Maketools/pbrt-v3/xcode-build/CMakeFiles/CMakeTmp

Run Build Command:"/usr/bin/xcodebuild" "-project" "CMAKE_TRY_COMPILE.xcodeproj" "build" "-target" "cmTC_27ab7" "-configuration" "Debug"
Prepare build
note: Using legacy build system

=== BUILD TARGET cmTC_27ab7 OF PROJECT CMAKE_TRY_COMPILE WITH CONFIGURATION Debug ===

Check dependencies

Write auxiliary files
/bin/mkdir -p /Users/andewx/Developer/Maketools/pbrt-v3/xcode-build/CMakeFiles/CMakeTmp/CMAKE_TRY_COMPILE.build/Debug/cmTC_27ab7.build/Objects-normal/x86_64
write-file /Users/andewx/Developer/Maketools/pbrt-v3/xcode-build/CMakeFiles/CMakeTmp/CMAKE_TRY_COMPILE.build/Debug/cmTC_27ab7.build/Objects-normal/x86_64/cmTC_27ab7.LinkFileList

CompileC CMAKE_TRY_COMPILE.build/Debug/cmTC_27ab7.build/Objects-normal/x86_64/src.o src.cxx normal x86_64 c++ com.apple.compilers.llvm.clang.1_0.compiler
    cd /Users/andewx/Developer/Maketools/pbrt-v3/xcode-build/CMakeFiles/CMakeTmp
    export LANG=en_US.US-ASCII
    /Applications/Xcode.app/Contents/Developer/Toolchains/XcodeDefault.xctoolchain/usr/bin/clang -x c++ -arch x86_64 -fmessage-length=0 -fdiagnostics-show-note-include-stack -fmacro-backtrace-limit=0 -Wno-trigraphs -fpascal-strings -O0 -Wno-missing-field-initializers -Wno-missing-prototypes -Wno-return-type -Wno-non-virtual-dtor -Wno-overloaded-virtual -Wno-exit-time-destructors -Wno-missing-braces -Wparentheses -Wswitch -Wno-unused-function -Wno-unused-label -Wno-unused-parameter -Wno-unused-variable -Wunused-value -Wno-empty-body -Wno-uninitialized -Wno-unknown-pragmas -Wno-shadow -Wno-four-char-constants -Wno-conversion -Wno-constant-conversion -Wno-int-conversion -Wno-bool-conversion -Wno-enum-conversion -Wno-float-conversion -Wno-non-literal-null-conversion -Wno-objc-literal-conversion -Wno-shorten-64-to-32 -Wno-newline-eof -Wno-c++11-extensions -DCMAKE_INTDIR=\"Debug\" -isysroot /Applications/Xcode.app/Contents/Developer/Platforms/MacOSX.platform/Developer/SDKs/MacOSX10.14.sdk -fasm-blocks -fstrict-aliasing -Wdeprecated-declarations -Winvalid-offsetof -mmacosx-version-min=10.14 -g -Wno-sign-conversion -Wno-infinite-recursion -Wno-move -Wno-comma -Wno-block-capture-autoreleasing -Wno-strict-prototypes -Wno-range-loop-analysis -Wno-semicolon-before-method-body -I/Users/andewx/Developer/Maketools/pbrt-v3/xcode-build/CMakeFiles/CMakeTmp/Debug/include -I/Users/andewx/Developer/Maketools/pbrt-v3/xcode-build/CMakeFiles/CMakeTmp/CMAKE_TRY_COMPILE.build/Debug/cmTC_27ab7.build/DerivedSources-normal/x86_64 -I/Users/andewx/Developer/Maketools/pbrt-v3/xcode-build/CMakeFiles/CMakeTmp/CMAKE_TRY_COMPILE.build/Debug/cmTC_27ab7.build/DerivedSources/x86_64 -I/Users/andewx/Developer/Maketools/pbrt-v3/xcode-build/CMakeFiles/CMakeTmp/CMAKE_TRY_COMPILE.build/Debug/cmTC_27ab7.build/DerivedSources -Wmost -Wno-four-char-constants -Wno-unknown-pragmas -F/Users/andewx/Developer/Maketools/pbrt-v3/xcode-build/CMakeFiles/CMakeTmp/Debug -std=c++11 -Wno-deprecated-register -DHAVE_DECLSPEC_NOINLINE -MMD -MT dependencies -MF /Users/andewx/Developer/Maketools/pbrt-v3/xcode-build/CMakeFiles/CMakeTmp/CMAKE_TRY_COMPILE.build/Debug/cmTC_27ab7.build/Objects-normal/x86_64/src.d --serialize-diagnostics /Users/andewx/Developer/Maketools/pbrt-v3/xcode-build/CMakeFiles/CMakeTmp/CMAKE_TRY_COMPILE.build/Debug/cmTC_27ab7.build/Objects-normal/x86_64/src.dia -c /Users/andewx/Developer/Maketools/pbrt-v3/xcode-build/CMakeFiles/CMakeTmp/src.cxx -o /Users/andewx/Developer/Maketools/pbrt-v3/xcode-build/CMakeFiles/CMakeTmp/CMAKE_TRY_COMPILE.build/Debug/cmTC_27ab7.build/Objects-normal/x86_64/src.o
/Users/andewx/Developer/Maketools/pbrt-v3/xcode-build/CMakeFiles/CMakeTmp/src.cxx:1:1: error: '__declspec' attributes are not enabled; use '-fdeclspec' or '-fms-extensions' to enable support for __declspec attributes
__declspec(noinline) void foo() { }
^
1 error generated.

** BUILD FAILED **


The following build commands failed:
	CompileC CMAKE_TRY_COMPILE.build/Debug/cmTC_27ab7.build/Objects-normal/x86_64/src.o src.cxx normal x86_64 c++ com.apple.compilers.llvm.clang.1_0.compiler
(1 failure)

Source file was:
__declspec(noinline) void foo() { }
int main() { }
Performing C++ SOURCE FILE Test HAVE__ALIGNED_MALLOC failed with the following output:
Change Dir: /Users/andewx/Developer/Maketools/pbrt-v3/xcode-build/CMakeFiles/CMakeTmp

Run Build Command:"/usr/bin/xcodebuild" "-project" "CMAKE_TRY_COMPILE.xcodeproj" "build" "-target" "cmTC_0c00e" "-configuration" "Debug"
Prepare build
note: Using legacy build system

=== BUILD TARGET cmTC_0c00e OF PROJECT CMAKE_TRY_COMPILE WITH CONFIGURATION Debug ===

Check dependencies

Write auxiliary files
/bin/mkdir -p /Users/andewx/Developer/Maketools/pbrt-v3/xcode-build/CMakeFiles/CMakeTmp/CMAKE_TRY_COMPILE.build/Debug/cmTC_0c00e.build/Objects-normal/x86_64
write-file /Users/andewx/Developer/Maketools/pbrt-v3/xcode-build/CMakeFiles/CMakeTmp/CMAKE_TRY_COMPILE.build/Debug/cmTC_0c00e.build/Objects-normal/x86_64/cmTC_0c00e.LinkFileList

CompileC CMAKE_TRY_COMPILE.build/Debug/cmTC_0c00e.build/Objects-normal/x86_64/src.o src.cxx normal x86_64 c++ com.apple.compilers.llvm.clang.1_0.compiler
    cd /Users/andewx/Developer/Maketools/pbrt-v3/xcode-build/CMakeFiles/CMakeTmp
    export LANG=en_US.US-ASCII
    /Applications/Xcode.app/Contents/Developer/Toolchains/XcodeDefault.xctoolchain/usr/bin/clang -x c++ -arch x86_64 -fmessage-length=0 -fdiagnostics-show-note-include-stack -fmacro-backtrace-limit=0 -Wno-trigraphs -fpascal-strings -O0 -Wno-missing-field-initializers -Wno-missing-prototypes -Wno-return-type -Wno-non-virtual-dtor -Wno-overloaded-virtual -Wno-exit-time-destructors -Wno-missing-braces -Wparentheses -Wswitch -Wno-unused-function -Wno-unused-label -Wno-unused-parameter -Wno-unused-variable -Wunused-value -Wno-empty-body -Wno-uninitialized -Wno-unknown-pragmas -Wno-shadow -Wno-four-char-constants -Wno-conversion -Wno-constant-conversion -Wno-int-conversion -Wno-bool-conversion -Wno-enum-conversion -Wno-float-conversion -Wno-non-literal-null-conversion -Wno-objc-literal-conversion -Wno-shorten-64-to-32 -Wno-newline-eof -Wno-c++11-extensions -DCMAKE_INTDIR=\"Debug\" -isysroot /Applications/Xcode.app/Contents/Developer/Platforms/MacOSX.platform/Developer/SDKs/MacOSX10.14.sdk -fasm-blocks -fstrict-aliasing -Wdeprecated-declarations -Winvalid-offsetof -mmacosx-version-min=10.14 -g -Wno-sign-conversion -Wno-infinite-recursion -Wno-move -Wno-comma -Wno-block-capture-autoreleasing -Wno-strict-prototypes -Wno-range-loop-analysis -Wno-semicolon-before-method-body -I/Users/andewx/Developer/Maketools/pbrt-v3/xcode-build/CMakeFiles/CMakeTmp/Debug/include -I/Users/andewx/Developer/Maketools/pbrt-v3/xcode-build/CMakeFiles/CMakeTmp/CMAKE_TRY_COMPILE.build/Debug/cmTC_0c00e.build/DerivedSources-normal/x86_64 -I/Users/andewx/Developer/Maketools/pbrt-v3/xcode-build/CMakeFiles/CMakeTmp/CMAKE_TRY_COMPILE.build/Debug/cmTC_0c00e.build/DerivedSources/x86_64 -I/Users/andewx/Developer/Maketools/pbrt-v3/xcode-build/CMakeFiles/CMakeTmp/CMAKE_TRY_COMPILE.build/Debug/cmTC_0c00e.build/DerivedSources -Wmost -Wno-four-char-constants -Wno-unknown-pragmas -F/Users/andewx/Developer/Maketools/pbrt-v3/xcode-build/CMakeFiles/CMakeTmp/Debug -std=c++11 -Wno-deprecated-register -DHAVE__ALIGNED_MALLOC -MMD -MT dependencies -MF /Users/andewx/Developer/Maketools/pbrt-v3/xcode-build/CMakeFiles/CMakeTmp/CMAKE_TRY_COMPILE.build/Debug/cmTC_0c00e.build/Objects-normal/x86_64/src.d --serialize-diagnostics /Users/andewx/Developer/Maketools/pbrt-v3/xcode-build/CMakeFiles/CMakeTmp/CMAKE_TRY_COMPILE.build/Debug/cmTC_0c00e.build/Objects-normal/x86_64/src.dia -c /Users/andewx/Developer/Maketools/pbrt-v3/xcode-build/CMakeFiles/CMakeTmp/src.cxx -o /Users/andewx/Developer/Maketools/pbrt-v3/xcode-build/CMakeFiles/CMakeTmp/CMAKE_TRY_COMPILE.build/Debug/cmTC_0c00e.build/Objects-normal/x86_64/src.o
/Users/andewx/Developer/Maketools/pbrt-v3/xcode-build/CMakeFiles/CMakeTmp/src.cxx:2:10: fatal error: 'malloc.h' file not found
#include <malloc.h>
         ^~~~~~~~~~
1 error generated.

** BUILD FAILED **


The following build commands failed:
	CompileC CMAKE_TRY_COMPILE.build/Debug/cmTC_0c00e.build/Objects-normal/x86_64/src.o src.cxx normal x86_64 c++ com.apple.compilers.llvm.clang.1_0.compiler
(1 failure)

Source file was:

#include <malloc.h>
int main() { void * ptr = _aligned_malloc(1024, 32); }

Performing C++ SOURCE FILE Test HAVE_MEMALIGN failed with the following output:
Change Dir: /Users/andewx/Developer/Maketools/pbrt-v3/xcode-build/CMakeFiles/CMakeTmp

Run Build Command:"/usr/bin/xcodebuild" "-project" "CMAKE_TRY_COMPILE.xcodeproj" "build" "-target" "cmTC_757b5" "-configuration" "Debug"
Prepare build
note: Using legacy build system

=== BUILD TARGET cmTC_757b5 OF PROJECT CMAKE_TRY_COMPILE WITH CONFIGURATION Debug ===

Check dependencies

Write auxiliary files
/bin/mkdir -p /Users/andewx/Developer/Maketools/pbrt-v3/xcode-build/CMakeFiles/CMakeTmp/CMAKE_TRY_COMPILE.build/Debug/cmTC_757b5.build/Objects-normal/x86_64
write-file /Users/andewx/Developer/Maketools/pbrt-v3/xcode-build/CMakeFiles/CMakeTmp/CMAKE_TRY_COMPILE.build/Debug/cmTC_757b5.build/Objects-normal/x86_64/cmTC_757b5.LinkFileList

CompileC CMAKE_TRY_COMPILE.build/Debug/cmTC_757b5.build/Objects-normal/x86_64/src.o src.cxx normal x86_64 c++ com.apple.compilers.llvm.clang.1_0.compiler
    cd /Users/andewx/Developer/Maketools/pbrt-v3/xcode-build/CMakeFiles/CMakeTmp
    export LANG=en_US.US-ASCII
    /Applications/Xcode.app/Contents/Developer/Toolchains/XcodeDefault.xctoolchain/usr/bin/clang -x c++ -arch x86_64 -fmessage-length=0 -fdiagnostics-show-note-include-stack -fmacro-backtrace-limit=0 -Wno-trigraphs -fpascal-strings -O0 -Wno-missing-field-initializers -Wno-missing-prototypes -Wno-return-type -Wno-non-virtual-dtor -Wno-overloaded-virtual -Wno-exit-time-destructors -Wno-missing-braces -Wparentheses -Wswitch -Wno-unused-function -Wno-unused-label -Wno-unused-parameter -Wno-unused-variable -Wunused-value -Wno-empty-body -Wno-uninitialized -Wno-unknown-pragmas -Wno-shadow -Wno-four-char-constants -Wno-conversion -Wno-constant-conversion -Wno-int-conversion -Wno-bool-conversion -Wno-enum-conversion -Wno-float-conversion -Wno-non-literal-null-conversion -Wno-objc-literal-conversion -Wno-shorten-64-to-32 -Wno-newline-eof -Wno-c++11-extensions -DCMAKE_INTDIR=\"Debug\" -isysroot /Applications/Xcode.app/Contents/Developer/Platforms/MacOSX.platform/Developer/SDKs/MacOSX10.14.sdk -fasm-blocks -fstrict-aliasing -Wdeprecated-declarations -Winvalid-offsetof -mmacosx-version-min=10.14 -g -Wno-sign-conversion -Wno-infinite-recursion -Wno-move -Wno-comma -Wno-block-capture-autoreleasing -Wno-strict-prototypes -Wno-range-loop-analysis -Wno-semicolon-before-method-body -I/Users/andewx/Developer/Maketools/pbrt-v3/xcode-build/CMakeFiles/CMakeTmp/Debug/include -I/Users/andewx/Developer/Maketools/pbrt-v3/xcode-build/CMakeFiles/CMakeTmp/CMAKE_TRY_COMPILE.build/Debug/cmTC_757b5.build/DerivedSources-normal/x86_64 -I/Users/andewx/Developer/Maketools/pbrt-v3/xcode-build/CMakeFiles/CMakeTmp/CMAKE_TRY_COMPILE.build/Debug/cmTC_757b5.build/DerivedSources/x86_64 -I/Users/andewx/Developer/Maketools/pbrt-v3/xcode-build/CMakeFiles/CMakeTmp/CMAKE_TRY_COMPILE.build/Debug/cmTC_757b5.build/DerivedSources -Wmost -Wno-four-char-constants -Wno-unknown-pragmas -F/Users/andewx/Developer/Maketools/pbrt-v3/xcode-build/CMakeFiles/CMakeTmp/Debug -std=c++11 -Wno-deprecated-register -DHAVE_MEMALIGN -MMD -MT dependencies -MF /Users/andewx/Developer/Maketools/pbrt-v3/xcode-build/CMakeFiles/CMakeTmp/CMAKE_TRY_COMPILE.build/Debug/cmTC_757b5.build/Objects-normal/x86_64/src.d --serialize-diagnostics /Users/andewx/Developer/Maketools/pbrt-v3/xcode-build/CMakeFiles/CMakeTmp/CMAKE_TRY_COMPILE.build/Debug/cmTC_757b5.build/Objects-normal/x86_64/src.dia -c /Users/andewx/Developer/Maketools/pbrt-v3/xcode-build/CMakeFiles/CMakeTmp/src.cxx -o /Users/andewx/Developer/Maketools/pbrt-v3/xcode-build/CMakeFiles/CMakeTmp/CMAKE_TRY_COMPILE.build/Debug/cmTC_757b5.build/Objects-normal/x86_64/src.o
/Users/andewx/Developer/Maketools/pbrt-v3/xcode-build/CMakeFiles/CMakeTmp/src.cxx:2:10: fatal error: 'malloc.h' file not found
#include <malloc.h>
         ^~~~~~~~~~
1 error generated.

** BUILD FAILED **


The following build commands failed:
	CompileC CMAKE_TRY_COMPILE.build/Debug/cmTC_757b5.build/Objects-normal/x86_64/src.o src.cxx normal x86_64 c++ com.apple.compilers.llvm.clang.1_0.compiler
(1 failure)

Source file was:

#include <malloc.h>
int main() {
    void *ptr = memalign(32, 1024);
} 
Performing C++ SOURCE FILE Test HAVE_DECLSPEC_THREAD failed with the following output:
Change Dir: /Users/andewx/Developer/Maketools/pbrt-v3/xcode-build/CMakeFiles/CMakeTmp

Run Build Command:"/usr/bin/xcodebuild" "-project" "CMAKE_TRY_COMPILE.xcodeproj" "build" "-target" "cmTC_d3949" "-configuration" "Debug"
Prepare build
note: Using legacy build system

=== BUILD TARGET cmTC_d3949 OF PROJECT CMAKE_TRY_COMPILE WITH CONFIGURATION Debug ===

Check dependencies

Write auxiliary files
/bin/mkdir -p /Users/andewx/Developer/Maketools/pbrt-v3/xcode-build/CMakeFiles/CMakeTmp/CMAKE_TRY_COMPILE.build/Debug/cmTC_d3949.build/Objects-normal/x86_64
write-file /Users/andewx/Developer/Maketools/pbrt-v3/xcode-build/CMakeFiles/CMakeTmp/CMAKE_TRY_COMPILE.build/Debug/cmTC_d3949.build/Objects-normal/x86_64/cmTC_d3949.LinkFileList

CompileC CMAKE_TRY_COMPILE.build/Debug/cmTC_d3949.build/Objects-normal/x86_64/src.o src.cxx normal x86_64 c++ com.apple.compilers.llvm.clang.1_0.compiler
    cd /Users/andewx/Developer/Maketools/pbrt-v3/xcode-build/CMakeFiles/CMakeTmp
    export LANG=en_US.US-ASCII
    /Applications/Xcode.app/Contents/Developer/Toolchains/XcodeDefault.xctoolchain/usr/bin/clang -x c++ -arch x86_64 -fmessage-length=0 -fdiagnostics-show-note-include-stack -fmacro-backtrace-limit=0 -Wno-trigraphs -fpascal-strings -O0 -Wno-missing-field-initializers -Wno-missing-prototypes -Wno-return-type -Wno-non-virtual-dtor -Wno-overloaded-virtual -Wno-exit-time-destructors -Wno-missing-braces -Wparentheses -Wswitch -Wno-unused-function -Wno-unused-label -Wno-unused-parameter -Wno-unused-variable -Wunused-value -Wno-empty-body -Wno-uninitialized -Wno-unknown-pragmas -Wno-shadow -Wno-four-char-constants -Wno-conversion -Wno-constant-conversion -Wno-int-conversion -Wno-bool-conversion -Wno-enum-conversion -Wno-float-conversion -Wno-non-literal-null-conversion -Wno-objc-literal-conversion -Wno-shorten-64-to-32 -Wno-newline-eof -Wno-c++11-extensions -DCMAKE_INTDIR=\"Debug\" -isysroot /Applications/Xcode.app/Contents/Developer/Platforms/MacOSX.platform/Developer/SDKs/MacOSX10.14.sdk -fasm-blocks -fstrict-aliasing -Wdeprecated-declarations -Winvalid-offsetof -mmacosx-version-min=10.14 -g -Wno-sign-conversion -Wno-infinite-recursion -Wno-move -Wno-comma -Wno-block-capture-autoreleasing -Wno-strict-prototypes -Wno-range-loop-analysis -Wno-semicolon-before-method-body -I/Users/andewx/Developer/Maketools/pbrt-v3/xcode-build/CMakeFiles/CMakeTmp/Debug/include -I/Users/andewx/Developer/Maketools/pbrt-v3/xcode-build/CMakeFiles/CMakeTmp/CMAKE_TRY_COMPILE.build/Debug/cmTC_d3949.build/DerivedSources-normal/x86_64 -I/Users/andewx/Developer/Maketools/pbrt-v3/xcode-build/CMakeFiles/CMakeTmp/CMAKE_TRY_COMPILE.build/Debug/cmTC_d3949.build/DerivedSources/x86_64 -I/Users/andewx/Developer/Maketools/pbrt-v3/xcode-build/CMakeFiles/CMakeTmp/CMAKE_TRY_COMPILE.build/Debug/cmTC_d3949.build/DerivedSources -Wmost -Wno-four-char-constants -Wno-unknown-pragmas -F/Users/andewx/Developer/Maketools/pbrt-v3/xcode-build/CMakeFiles/CMakeTmp/Debug -std=c++11 -Wno-deprecated-register -DHAVE_DECLSPEC_THREAD -MMD -MT dependencies -MF /Users/andewx/Developer/Maketools/pbrt-v3/xcode-build/CMakeFiles/CMakeTmp/CMAKE_TRY_COMPILE.build/Debug/cmTC_d3949.build/Objects-normal/x86_64/src.d --serialize-diagnostics /Users/andewx/Developer/Maketools/pbrt-v3/xcode-build/CMakeFiles/CMakeTmp/CMAKE_TRY_COMPILE.build/Debug/cmTC_d3949.build/Objects-normal/x86_64/src.dia -c /Users/andewx/Developer/Maketools/pbrt-v3/xcode-build/CMakeFiles/CMakeTmp/src.cxx -o /Users/andewx/Developer/Maketools/pbrt-v3/xcode-build/CMakeFiles/CMakeTmp/CMAKE_TRY_COMPILE.build/Debug/cmTC_d3949.build/Objects-normal/x86_64/src.o
/Users/andewx/Developer/Maketools/pbrt-v3/xcode-build/CMakeFiles/CMakeTmp/src.cxx:2:1: error: '__declspec' attributes are not enabled; use '-fdeclspec' or '-fms-extensions' to enable support for __declspec attributes
__declspec(thread) int x; int main() { }
^
1 error generated.

** BUILD FAILED **


The following build commands failed:
	CompileC CMAKE_TRY_COMPILE.build/Debug/cmTC_d3949.build/Objects-normal/x86_64/src.o src.cxx normal x86_64 c++ com.apple.compilers.llvm.clang.1_0.compiler
(1 failure)

Source file was:

__declspec(thread) int x; int main() { }

Determining if the include file syscall.h exists failed with the following output:
Change Dir: /Users/andewx/Developer/Maketools/pbrt-v3/xcode-build/CMakeFiles/CMakeTmp

Run Build Command:"/usr/bin/xcodebuild" "-project" "CMAKE_TRY_COMPILE.xcodeproj" "build" "-target" "cmTC_f651e" "-configuration" "Debug"
Prepare build
note: Using legacy build system

=== BUILD TARGET cmTC_f651e OF PROJECT CMAKE_TRY_COMPILE WITH CONFIGURATION Debug ===

Check dependencies

Write auxiliary files
/bin/mkdir -p /Users/andewx/Developer/Maketools/pbrt-v3/xcode-build/CMakeFiles/CMakeTmp/CMAKE_TRY_COMPILE.build/Debug/cmTC_f651e.build/Objects-normal/x86_64
write-file /Users/andewx/Developer/Maketools/pbrt-v3/xcode-build/CMakeFiles/CMakeTmp/CMAKE_TRY_COMPILE.build/Debug/cmTC_f651e.build/Objects-normal/x86_64/cmTC_f651e.LinkFileList

CompileC CMAKE_TRY_COMPILE.build/Debug/cmTC_f651e.build/Objects-normal/x86_64/CheckIncludeFile.o CheckIncludeFile.c normal x86_64 c com.apple.compilers.llvm.clang.1_0.compiler
    cd /Users/andewx/Developer/Maketools/pbrt-v3/xcode-build/CMakeFiles/CMakeTmp
    export LANG=en_US.US-ASCII
    /Applications/Xcode.app/Contents/Developer/Toolchains/XcodeDefault.xctoolchain/usr/bin/clang -x c -arch x86_64 -fmessage-length=0 -fdiagnostics-show-note-include-stack -fmacro-backtrace-limit=0 -Wno-trigraphs -fpascal-strings -O0 -Wno-missing-field-initializers -Wno-missing-prototypes -Wno-return-type -Wno-missing-braces -Wparentheses -Wswitch -Wno-unused-function -Wno-unused-label -Wno-unused-parameter -Wno-unused-variable -Wunused-value -Wno-empty-body -Wno-uninitialized -Wno-unknown-pragmas -Wno-shadow -Wno-four-char-constants -Wno-conversion -Wno-constant-conversion -Wno-int-conversion -Wno-bool-conversion -Wno-enum-conversion -Wno-float-conversion -Wno-non-literal-null-conversion -Wno-objc-literal-conversion -Wno-shorten-64-to-32 -Wpointer-sign -Wno-newline-eof -DCMAKE_INTDIR=\"Debug\" -isysroot /Applications/Xcode.app/Contents/Developer/Platforms/MacOSX.platform/Developer/SDKs/MacOSX10.14.sdk -fasm-blocks -fstrict-aliasing -Wdeprecated-declarations -mmacosx-version-min=10.14 -g -Wno-sign-conversion -Wno-infinite-recursion -Wno-comma -Wno-block-capture-autoreleasing -Wno-strict-prototypes -Wno-semicolon-before-method-body -I/Users/andewx/Developer/Maketools/pbrt-v3/xcode-build/CMakeFiles/CMakeTmp/Debug/include -I/Users/andewx/Developer/Maketools/pbrt-v3/xcode-build/CMakeFiles/CMakeTmp/CMAKE_TRY_COMPILE.build/Debug/cmTC_f651e.build/DerivedSources-normal/x86_64 -I/Users/andewx/Developer/Maketools/pbrt-v3/xcode-build/CMakeFiles/CMakeTmp/CMAKE_TRY_COMPILE.build/Debug/cmTC_f651e.build/DerivedSources/x86_64 -I/Users/andewx/Developer/Maketools/pbrt-v3/xcode-build/CMakeFiles/CMakeTmp/CMAKE_TRY_COMPILE.build/Debug/cmTC_f651e.build/DerivedSources -Wmost -Wno-four-char-constants -Wno-unknown-pragmas -F/Users/andewx/Developer/Maketools/pbrt-v3/xcode-build/CMakeFiles/CMakeTmp/Debug -MMD -MT dependencies -MF /Users/andewx/Developer/Maketools/pbrt-v3/xcode-build/CMakeFiles/CMakeTmp/CMAKE_TRY_COMPILE.build/Debug/cmTC_f651e.build/Objects-normal/x86_64/CheckIncludeFile.d --serialize-diagnostics /Users/andewx/Developer/Maketools/pbrt-v3/xcode-build/CMakeFiles/CMakeTmp/CMAKE_TRY_COMPILE.build/Debug/cmTC_f651e.build/Objects-normal/x86_64/CheckIncludeFile.dia -c /Users/andewx/Developer/Maketools/pbrt-v3/xcode-build/CMakeFiles/CMakeTmp/CheckIncludeFile.c -o /Users/andewx/Developer/Maketools/pbrt-v3/xcode-build/CMakeFiles/CMakeTmp/CMAKE_TRY_COMPILE.build/Debug/cmTC_f651e.build/Objects-normal/x86_64/CheckIncludeFile.o
/Users/andewx/Developer/Maketools/pbrt-v3/xcode-build/CMakeFiles/CMakeTmp/CheckIncludeFile.c:1:10: fatal error: 'syscall.h' file not found
#include <syscall.h>
         ^~~~~~~~~~~
1 error generated.

** BUILD FAILED **


The following build commands failed:
	CompileC CMAKE_TRY_COMPILE.build/Debug/cmTC_f651e.build/Objects-normal/x86_64/CheckIncludeFile.o CheckIncludeFile.c normal x86_64 c com.apple.compilers.llvm.clang.1_0.compiler
(1 failure)


Determining if the include file ucontext.h exists failed with the following output:
Change Dir: /Users/andewx/Developer/Maketools/pbrt-v3/xcode-build/CMakeFiles/CMakeTmp

Run Build Command:"/usr/bin/xcodebuild" "-project" "CMAKE_TRY_COMPILE.xcodeproj" "build" "-target" "cmTC_c3bd9" "-configuration" "Debug"
Prepare build
note: Using legacy build system

=== BUILD TARGET cmTC_c3bd9 OF PROJECT CMAKE_TRY_COMPILE WITH CONFIGURATION Debug ===

Check dependencies

Write auxiliary files
/bin/mkdir -p /Users/andewx/Developer/Maketools/pbrt-v3/xcode-build/CMakeFiles/CMakeTmp/CMAKE_TRY_COMPILE.build/Debug/cmTC_c3bd9.build/Objects-normal/x86_64
write-file /Users/andewx/Developer/Maketools/pbrt-v3/xcode-build/CMakeFiles/CMakeTmp/CMAKE_TRY_COMPILE.build/Debug/cmTC_c3bd9.build/Objects-normal/x86_64/cmTC_c3bd9.LinkFileList

CompileC CMAKE_TRY_COMPILE.build/Debug/cmTC_c3bd9.build/Objects-normal/x86_64/CheckIncludeFile.o CheckIncludeFile.c normal x86_64 c com.apple.compilers.llvm.clang.1_0.compiler
    cd /Users/andewx/Developer/Maketools/pbrt-v3/xcode-build/CMakeFiles/CMakeTmp
    export LANG=en_US.US-ASCII
    /Applications/Xcode.app/Contents/Developer/Toolchains/XcodeDefault.xctoolchain/usr/bin/clang -x c -arch x86_64 -fmessage-length=0 -fdiagnostics-show-note-include-stack -fmacro-backtrace-limit=0 -Wno-trigraphs -fpascal-strings -O0 -Wno-missing-field-initializers -Wno-missing-prototypes -Wno-return-type -Wno-missing-braces -Wparentheses -Wswitch -Wno-unused-function -Wno-unused-label -Wno-unused-parameter -Wno-unused-variable -Wunused-value -Wno-empty-body -Wno-uninitialized -Wno-unknown-pragmas -Wno-shadow -Wno-four-char-constants -Wno-conversion -Wno-constant-conversion -Wno-int-conversion -Wno-bool-conversion -Wno-enum-conversion -Wno-float-conversion -Wno-non-literal-null-conversion -Wno-objc-literal-conversion -Wno-shorten-64-to-32 -Wpointer-sign -Wno-newline-eof -DCMAKE_INTDIR=\"Debug\" -isysroot /Applications/Xcode.app/Contents/Developer/Platforms/MacOSX.platform/Developer/SDKs/MacOSX10.14.sdk -fasm-blocks -fstrict-aliasing -Wdeprecated-declarations -mmacosx-version-min=10.14 -g -Wno-sign-conversion -Wno-infinite-recursion -Wno-comma -Wno-block-capture-autoreleasing -Wno-strict-prototypes -Wno-semicolon-before-method-body -I/Users/andewx/Developer/Maketools/pbrt-v3/xcode-build/CMakeFiles/CMakeTmp/Debug/include -I/Users/andewx/Developer/Maketools/pbrt-v3/xcode-build/CMakeFiles/CMakeTmp/CMAKE_TRY_COMPILE.build/Debug/cmTC_c3bd9.build/DerivedSources-normal/x86_64 -I/Users/andewx/Developer/Maketools/pbrt-v3/xcode-build/CMakeFiles/CMakeTmp/CMAKE_TRY_COMPILE.build/Debug/cmTC_c3bd9.build/DerivedSources/x86_64 -I/Users/andewx/Developer/Maketools/pbrt-v3/xcode-build/CMakeFiles/CMakeTmp/CMAKE_TRY_COMPILE.build/Debug/cmTC_c3bd9.build/DerivedSources -Wmost -Wno-four-char-constants -Wno-unknown-pragmas -F/Users/andewx/Developer/Maketools/pbrt-v3/xcode-build/CMakeFiles/CMakeTmp/Debug -MMD -MT dependencies -MF /Users/andewx/Developer/Maketools/pbrt-v3/xcode-build/CMakeFiles/CMakeTmp/CMAKE_TRY_COMPILE.build/Debug/cmTC_c3bd9.build/Objects-normal/x86_64/CheckIncludeFile.d --serialize-diagnostics /Users/andewx/Developer/Maketools/pbrt-v3/xcode-build/CMakeFiles/CMakeTmp/CMAKE_TRY_COMPILE.build/Debug/cmTC_c3bd9.build/Objects-normal/x86_64/CheckIncludeFile.dia -c /Users/andewx/Developer/Maketools/pbrt-v3/xcode-build/CMakeFiles/CMakeTmp/CheckIncludeFile.c -o /Users/andewx/Developer/Maketools/pbrt-v3/xcode-build/CMakeFiles/CMakeTmp/CMAKE_TRY_COMPILE.build/Debug/cmTC_c3bd9.build/Objects-normal/x86_64/CheckIncludeFile.o
In file included from /Users/andewx/Developer/Maketools/pbrt-v3/xcode-build/CMakeFiles/CMakeTmp/CheckIncludeFile.c:1:
/Applications/Xcode.app/Contents/Developer/Platforms/MacOSX.platform/Developer/SDKs/MacOSX10.14.sdk/usr/include/ucontext.h:43:2: error: The deprecated ucontext routines require _XOPEN_SOURCE to be defined
#error The deprecated ucontext routines require _XOPEN_SOURCE to be defined
 ^
1 error generated.

** BUILD FAILED **


The following build commands failed:
	CompileC CMAKE_TRY_COMPILE.build/Debug/cmTC_c3bd9.build/Objects-normal/x86_64/CheckIncludeFile.o CheckIncludeFile.c normal x86_64 c com.apple.compilers.llvm.clang.1_0.compiler
(1 failure)


Determining if the include file ext/slist exists failed with the following output:
Change Dir: /Users/andewx/Developer/Maketools/pbrt-v3/xcode-build/CMakeFiles/CMakeTmp

Run Build Command:"/usr/bin/xcodebuild" "-project" "CMAKE_TRY_COMPILE.xcodeproj" "build" "-target" "cmTC_3090f" "-configuration" "Debug"
Prepare build
note: Using legacy build system

=== BUILD TARGET cmTC_3090f OF PROJECT CMAKE_TRY_COMPILE WITH CONFIGURATION Debug ===

Check dependencies

Write auxiliary files
/bin/mkdir -p /Users/andewx/Developer/Maketools/pbrt-v3/xcode-build/CMakeFiles/CMakeTmp/CMAKE_TRY_COMPILE.build/Debug/cmTC_3090f.build/Objects-normal/x86_64
write-file /Users/andewx/Developer/Maketools/pbrt-v3/xcode-build/CMakeFiles/CMakeTmp/CMAKE_TRY_COMPILE.build/Debug/cmTC_3090f.build/Objects-normal/x86_64/cmTC_3090f.LinkFileList

CompileC CMAKE_TRY_COMPILE.build/Debug/cmTC_3090f.build/Objects-normal/x86_64/CheckIncludeFile.o CheckIncludeFile.cxx normal x86_64 c++ com.apple.compilers.llvm.clang.1_0.compiler
    cd /Users/andewx/Developer/Maketools/pbrt-v3/xcode-build/CMakeFiles/CMakeTmp
    export LANG=en_US.US-ASCII
    /Applications/Xcode.app/Contents/Developer/Toolchains/XcodeDefault.xctoolchain/usr/bin/clang -x c++ -arch x86_64 -fmessage-length=0 -fdiagnostics-show-note-include-stack -fmacro-backtrace-limit=0 -Wno-trigraphs -fpascal-strings -O0 -Wno-missing-field-initializers -Wno-missing-prototypes -Wno-return-type -Wno-non-virtual-dtor -Wno-overloaded-virtual -Wno-exit-time-destructors -Wno-missing-braces -Wparentheses -Wswitch -Wno-unused-function -Wno-unused-label -Wno-unused-parameter -Wno-unused-variable -Wunused-value -Wno-empty-body -Wno-uninitialized -Wno-unknown-pragmas -Wno-shadow -Wno-four-char-constants -Wno-conversion -Wno-constant-conversion -Wno-int-conversion -Wno-bool-conversion -Wno-enum-conversion -Wno-float-conversion -Wno-non-literal-null-conversion -Wno-objc-literal-conversion -Wno-shorten-64-to-32 -Wno-newline-eof -Wno-c++11-extensions -DCMAKE_INTDIR=\"Debug\" -isysroot /Applications/Xcode.app/Contents/Developer/Platforms/MacOSX.platform/Developer/SDKs/MacOSX10.14.sdk -fasm-blocks -fstrict-aliasing -Wdeprecated-declarations -Winvalid-offsetof -mmacosx-version-min=10.14 -g -Wno-sign-conversion -Wno-infinite-recursion -Wno-move -Wno-comma -Wno-block-capture-autoreleasing -Wno-strict-prototypes -Wno-range-loop-analysis -Wno-semicolon-before-method-body -I/Users/andewx/Developer/Maketools/pbrt-v3/xcode-build/CMakeFiles/CMakeTmp/Debug/include -I/Users/andewx/Developer/Maketools/pbrt-v3/xcode-build/CMakeFiles/CMakeTmp/CMAKE_TRY_COMPILE.build/Debug/cmTC_3090f.build/DerivedSources-normal/x86_64 -I/Users/andewx/Developer/Maketools/pbrt-v3/xcode-build/CMakeFiles/CMakeTmp/CMAKE_TRY_COMPILE.build/Debug/cmTC_3090f.build/DerivedSources/x86_64 -I/Users/andewx/Developer/Maketools/pbrt-v3/xcode-build/CMakeFiles/CMakeTmp/CMAKE_TRY_COMPILE.build/Debug/cmTC_3090f.build/DerivedSources -Wmost -Wno-four-char-constants -Wno-unknown-pragmas -F/Users/andewx/Developer/Maketools/pbrt-v3/xcode-build/CMakeFiles/CMakeTmp/Debug -std=c++11 -Wno-deprecated-register -MMD -MT dependencies -MF /Users/andewx/Developer/Maketools/pbrt-v3/xcode-build/CMakeFiles/CMakeTmp/CMAKE_TRY_COMPILE.build/Debug/cmTC_3090f.build/Objects-normal/x86_64/CheckIncludeFile.d --serialize-diagnostics /Users/andewx/Developer/Maketools/pbrt-v3/xcode-build/CMakeFiles/CMakeTmp/CMAKE_TRY_COMPILE.build/Debug/cmTC_3090f.build/Objects-normal/x86_64/CheckIncludeFile.dia -c /Users/andewx/Developer/Maketools/pbrt-v3/xcode-build/CMakeFiles/CMakeTmp/CheckIncludeFile.cxx -o /Users/andewx/Developer/Maketools/pbrt-v3/xcode-build/CMakeFiles/CMakeTmp/CMAKE_TRY_COMPILE.build/Debug/cmTC_3090f.build/Objects-normal/x86_64/CheckIncludeFile.o
/Users/andewx/Developer/Maketools/pbrt-v3/xcode-build/CMakeFiles/CMakeTmp/CheckIncludeFile.cxx:1:10: fatal error: 'ext/slist' file not found
#include <ext/slist>
         ^~~~~~~~~~~
1 error generated.

** BUILD FAILED **


The following build commands failed:
	CompileC CMAKE_TRY_COMPILE.build/Debug/cmTC_3090f.build/Objects-normal/x86_64/CheckIncludeFile.o CheckIncludeFile.cxx normal x86_64 c++ com.apple.compilers.llvm.clang.1_0.compiler
(1 failure)


Determining if the include file tr1/unordered_map exists failed with the following output:
Change Dir: /Users/andewx/Developer/Maketools/pbrt-v3/xcode-build/CMakeFiles/CMakeTmp

Run Build Command:"/usr/bin/xcodebuild" "-project" "CMAKE_TRY_COMPILE.xcodeproj" "build" "-target" "cmTC_18f4e" "-configuration" "Debug"
Prepare build
note: Using legacy build system

=== BUILD TARGET cmTC_18f4e OF PROJECT CMAKE_TRY_COMPILE WITH CONFIGURATION Debug ===

Check dependencies

Write auxiliary files
/bin/mkdir -p /Users/andewx/Developer/Maketools/pbrt-v3/xcode-build/CMakeFiles/CMakeTmp/CMAKE_TRY_COMPILE.build/Debug/cmTC_18f4e.build/Objects-normal/x86_64
write-file /Users/andewx/Developer/Maketools/pbrt-v3/xcode-build/CMakeFiles/CMakeTmp/CMAKE_TRY_COMPILE.build/Debug/cmTC_18f4e.build/Objects-normal/x86_64/cmTC_18f4e.LinkFileList

CompileC CMAKE_TRY_COMPILE.build/Debug/cmTC_18f4e.build/Objects-normal/x86_64/CheckIncludeFile.o CheckIncludeFile.cxx normal x86_64 c++ com.apple.compilers.llvm.clang.1_0.compiler
    cd /Users/andewx/Developer/Maketools/pbrt-v3/xcode-build/CMakeFiles/CMakeTmp
    export LANG=en_US.US-ASCII
    /Applications/Xcode.app/Contents/Developer/Toolchains/XcodeDefault.xctoolchain/usr/bin/clang -x c++ -arch x86_64 -fmessage-length=0 -fdiagnostics-show-note-include-stack -fmacro-backtrace-limit=0 -Wno-trigraphs -fpascal-strings -O0 -Wno-missing-field-initializers -Wno-missing-prototypes -Wno-return-type -Wno-non-virtual-dtor -Wno-overloaded-virtual -Wno-exit-time-destructors -Wno-missing-braces -Wparentheses -Wswitch -Wno-unused-function -Wno-unused-label -Wno-unused-parameter -Wno-unused-variable -Wunused-value -Wno-empty-body -Wno-uninitialized -Wno-unknown-pragmas -Wno-shadow -Wno-four-char-constants -Wno-conversion -Wno-constant-conversion -Wno-int-conversion -Wno-bool-conversion -Wno-enum-conversion -Wno-float-conversion -Wno-non-literal-null-conversion -Wno-objc-literal-conversion -Wno-shorten-64-to-32 -Wno-newline-eof -Wno-c++11-extensions -DCMAKE_INTDIR=\"Debug\" -isysroot /Applications/Xcode.app/Contents/Developer/Platforms/MacOSX.platform/Developer/SDKs/MacOSX10.14.sdk -fasm-blocks -fstrict-aliasing -Wdeprecated-declarations -Winvalid-offsetof -mmacosx-version-min=10.14 -g -Wno-sign-conversion -Wno-infinite-recursion -Wno-move -Wno-comma -Wno-block-capture-autoreleasing -Wno-strict-prototypes -Wno-range-loop-analysis -Wno-semicolon-before-method-body -I/Users/andewx/Developer/Maketools/pbrt-v3/xcode-build/CMakeFiles/CMakeTmp/Debug/include -I/Users/andewx/Developer/Maketools/pbrt-v3/xcode-build/CMakeFiles/CMakeTmp/CMAKE_TRY_COMPILE.build/Debug/cmTC_18f4e.build/DerivedSources-normal/x86_64 -I/Users/andewx/Developer/Maketools/pbrt-v3/xcode-build/CMakeFiles/CMakeTmp/CMAKE_TRY_COMPILE.build/Debug/cmTC_18f4e.build/DerivedSources/x86_64 -I/Users/andewx/Developer/Maketools/pbrt-v3/xcode-build/CMakeFiles/CMakeTmp/CMAKE_TRY_COMPILE.build/Debug/cmTC_18f4e.build/DerivedSources -Wmost -Wno-four-char-constants -Wno-unknown-pragmas -F/Users/andewx/Developer/Maketools/pbrt-v3/xcode-build/CMakeFiles/CMakeTmp/Debug -std=c++11 -Wno-deprecated-register -MMD -MT dependencies -MF /Users/andewx/Developer/Maketools/pbrt-v3/xcode-build/CMakeFiles/CMakeTmp/CMAKE_TRY_COMPILE.build/Debug/cmTC_18f4e.build/Objects-normal/x86_64/CheckIncludeFile.d --serialize-diagnostics /Users/andewx/Developer/Maketools/pbrt-v3/xcode-build/CMakeFiles/CMakeTmp/CMAKE_TRY_COMPILE.build/Debug/cmTC_18f4e.build/Objects-normal/x86_64/CheckIncludeFile.dia -c /Users/andewx/Developer/Maketools/pbrt-v3/xcode-build/CMakeFiles/CMakeTmp/CheckIncludeFile.cxx -o /Users/andewx/Developer/Maketools/pbrt-v3/xcode-build/CMakeFiles/CMakeTmp/CMAKE_TRY_COMPILE.build/Debug/cmTC_18f4e.build/Objects-normal/x86_64/CheckIncludeFile.o
/Users/andewx/Developer/Maketools/pbrt-v3/xcode-build/CMakeFiles/CMakeTmp/CheckIncludeFile.cxx:1:10: fatal error: 'tr1/unordered_map' file not found
#include <tr1/unordered_map>
         ^~~~~~~~~~~~~~~~~~~
1 error generated.

** BUILD FAILED **


The following build commands failed:
	CompileC CMAKE_TRY_COMPILE.build/Debug/cmTC_18f4e.build/Objects-normal/x86_64/CheckIncludeFile.o CheckIncludeFile.cxx normal x86_64 c++ com.apple.compilers.llvm.clang.1_0.compiler
(1 failure)


Determining if the include file tr1/unordered_set exists failed with the following output:
Change Dir: /Users/andewx/Developer/Maketools/pbrt-v3/xcode-build/CMakeFiles/CMakeTmp

Run Build Command:"/usr/bin/xcodebuild" "-project" "CMAKE_TRY_COMPILE.xcodeproj" "build" "-target" "cmTC_68e48" "-configuration" "Debug"
Prepare build
note: Using legacy build system

=== BUILD TARGET cmTC_68e48 OF PROJECT CMAKE_TRY_COMPILE WITH CONFIGURATION Debug ===

Check dependencies

Write auxiliary files
/bin/mkdir -p /Users/andewx/Developer/Maketools/pbrt-v3/xcode-build/CMakeFiles/CMakeTmp/CMAKE_TRY_COMPILE.build/Debug/cmTC_68e48.build/Objects-normal/x86_64
write-file /Users/andewx/Developer/Maketools/pbrt-v3/xcode-build/CMakeFiles/CMakeTmp/CMAKE_TRY_COMPILE.build/Debug/cmTC_68e48.build/Objects-normal/x86_64/cmTC_68e48.LinkFileList

CompileC CMAKE_TRY_COMPILE.build/Debug/cmTC_68e48.build/Objects-normal/x86_64/CheckIncludeFile.o CheckIncludeFile.cxx normal x86_64 c++ com.apple.compilers.llvm.clang.1_0.compiler
    cd /Users/andewx/Developer/Maketools/pbrt-v3/xcode-build/CMakeFiles/CMakeTmp
    export LANG=en_US.US-ASCII
    /Applications/Xcode.app/Contents/Developer/Toolchains/XcodeDefault.xctoolchain/usr/bin/clang -x c++ -arch x86_64 -fmessage-length=0 -fdiagnostics-show-note-include-stack -fmacro-backtrace-limit=0 -Wno-trigraphs -fpascal-strings -O0 -Wno-missing-field-initializers -Wno-missing-prototypes -Wno-return-type -Wno-non-virtual-dtor -Wno-overloaded-virtual -Wno-exit-time-destructors -Wno-missing-braces -Wparentheses -Wswitch -Wno-unused-function -Wno-unused-label -Wno-unused-parameter -Wno-unused-variable -Wunused-value -Wno-empty-body -Wno-uninitialized -Wno-unknown-pragmas -Wno-shadow -Wno-four-char-constants -Wno-conversion -Wno-constant-conversion -Wno-int-conversion -Wno-bool-conversion -Wno-enum-conversion -Wno-float-conversion -Wno-non-literal-null-conversion -Wno-objc-literal-conversion -Wno-shorten-64-to-32 -Wno-newline-eof -Wno-c++11-extensions -DCMAKE_INTDIR=\"Debug\" -isysroot /Applications/Xcode.app/Contents/Developer/Platforms/MacOSX.platform/Developer/SDKs/MacOSX10.14.sdk -fasm-blocks -fstrict-aliasing -Wdeprecated-declarations -Winvalid-offsetof -mmacosx-version-min=10.14 -g -Wno-sign-conversion -Wno-infinite-recursion -Wno-move -Wno-comma -Wno-block-capture-autoreleasing -Wno-strict-prototypes -Wno-range-loop-analysis -Wno-semicolon-before-method-body -I/Users/andewx/Developer/Maketools/pbrt-v3/xcode-build/CMakeFiles/CMakeTmp/Debug/include -I/Users/andewx/Developer/Maketools/pbrt-v3/xcode-build/CMakeFiles/CMakeTmp/CMAKE_TRY_COMPILE.build/Debug/cmTC_68e48.build/DerivedSources-normal/x86_64 -I/Users/andewx/Developer/Maketools/pbrt-v3/xcode-build/CMakeFiles/CMakeTmp/CMAKE_TRY_COMPILE.build/Debug/cmTC_68e48.build/DerivedSources/x86_64 -I/Users/andewx/Developer/Maketools/pbrt-v3/xcode-build/CMakeFiles/CMakeTmp/CMAKE_TRY_COMPILE.build/Debug/cmTC_68e48.build/DerivedSources -Wmost -Wno-four-char-constants -Wno-unknown-pragmas -F/Users/andewx/Developer/Maketools/pbrt-v3/xcode-build/CMakeFiles/CMakeTmp/Debug -std=c++11 -Wno-deprecated-register -MMD -MT dependencies -MF /Users/andewx/Developer/Maketools/pbrt-v3/xcode-build/CMakeFiles/CMakeTmp/CMAKE_TRY_COMPILE.build/Debug/cmTC_68e48.build/Objects-normal/x86_64/CheckIncludeFile.d --serialize-diagnostics /Users/andewx/Developer/Maketools/pbrt-v3/xcode-build/CMakeFiles/CMakeTmp/CMAKE_TRY_COMPILE.build/Debug/cmTC_68e48.build/Objects-normal/x86_64/CheckIncludeFile.dia -c /Users/andewx/Developer/Maketools/pbrt-v3/xcode-build/CMakeFiles/CMakeTmp/CheckIncludeFile.cxx -o /Users/andewx/Developer/Maketools/pbrt-v3/xcode-build/CMakeFiles/CMakeTmp/CMAKE_TRY_COMPILE.build/Debug/cmTC_68e48.build/Objects-normal/x86_64/CheckIncludeFile.o
/Users/andewx/Developer/Maketools/pbrt-v3/xcode-build/CMakeFiles/CMakeTmp/CheckIncludeFile.cxx:1:10: fatal error: 'tr1/unordered_set' file not found
#include <tr1/unordered_set>
         ^~~~~~~~~~~~~~~~~~~
1 error generated.

** BUILD FAILED **


The following build commands failed:
	CompileC CMAKE_TRY_COMPILE.build/Debug/cmTC_68e48.build/Objects-normal/x86_64/CheckIncludeFile.o CheckIncludeFile.cxx normal x86_64 c++ com.apple.compilers.llvm.clang.1_0.compiler
(1 failure)


Determining size of unsigned __int16 failed with the following output:
Change Dir: /Users/andewx/Developer/Maketools/pbrt-v3/xcode-build/CMakeFiles/CMakeTmp

Run Build Command:"/usr/bin/xcodebuild" "-project" "CMAKE_TRY_COMPILE.xcodeproj" "build" "-target" "cmTC_d8999" "-configuration" "Debug"
Prepare build
note: Using legacy build system

=== BUILD TARGET cmTC_d8999 OF PROJECT CMAKE_TRY_COMPILE WITH CONFIGURATION Debug ===

Check dependencies

Write auxiliary files
/bin/mkdir -p /Users/andewx/Developer/Maketools/pbrt-v3/xcode-build/CMakeFiles/CMakeTmp/CMAKE_TRY_COMPILE.build/Debug/cmTC_d8999.build/Objects-normal/x86_64
write-file /Users/andewx/Developer/Maketools/pbrt-v3/xcode-build/CMakeFiles/CMakeTmp/CMAKE_TRY_COMPILE.build/Debug/cmTC_d8999.build/Objects-normal/x86_64/cmTC_d8999.LinkFileList

CompileC CMAKE_TRY_COMPILE.build/Debug/cmTC_d8999.build/Objects-normal/x86_64/HAVE___UINT16.o /Users/andewx/Developer/Maketools/pbrt-v3/xcode-build/CMakeFiles/CheckTypeSize/HAVE___UINT16.c normal x86_64 c com.apple.compilers.llvm.clang.1_0.compiler
    cd /Users/andewx/Developer/Maketools/pbrt-v3/xcode-build/CMakeFiles/CMakeTmp
    export LANG=en_US.US-ASCII
    /Applications/Xcode.app/Contents/Developer/Toolchains/XcodeDefault.xctoolchain/usr/bin/clang -x c -arch x86_64 -fmessage-length=0 -fdiagnostics-show-note-include-stack -fmacro-backtrace-limit=0 -Wno-trigraphs -fpascal-strings -O0 -Wno-missing-field-initializers -Wno-missing-prototypes -Wno-return-type -Wno-missing-braces -Wparentheses -Wswitch -Wno-unused-function -Wno-unused-label -Wno-unused-parameter -Wno-unused-variable -Wunused-value -Wno-empty-body -Wno-uninitialized -Wno-unknown-pragmas -Wno-shadow -Wno-four-char-constants -Wno-conversion -Wno-constant-conversion -Wno-int-conversion -Wno-bool-conversion -Wno-enum-conversion -Wno-float-conversion -Wno-non-literal-null-conversion -Wno-objc-literal-conversion -Wno-shorten-64-to-32 -Wpointer-sign -Wno-newline-eof -DCMAKE_INTDIR=\"Debug\" -isysroot /Applications/Xcode.app/Contents/Developer/Platforms/MacOSX.platform/Developer/SDKs/MacOSX10.14.sdk -fasm-blocks -fstrict-aliasing -Wdeprecated-declarations -mmacosx-version-min=10.14 -g -Wno-sign-conversion -Wno-infinite-recursion -Wno-comma -Wno-block-capture-autoreleasing -Wno-strict-prototypes -Wno-semicolon-before-method-body -I/Users/andewx/Developer/Maketools/pbrt-v3/xcode-build/CMakeFiles/CMakeTmp/Debug/include -I/Users/andewx/Developer/Maketools/pbrt-v3/xcode-build/CMakeFiles/CMakeTmp/CMAKE_TRY_COMPILE.build/Debug/cmTC_d8999.build/DerivedSources-normal/x86_64 -I/Users/andewx/Developer/Maketools/pbrt-v3/xcode-build/CMakeFiles/CMakeTmp/CMAKE_TRY_COMPILE.build/Debug/cmTC_d8999.build/DerivedSources/x86_64 -I/Users/andewx/Developer/Maketools/pbrt-v3/xcode-build/CMakeFiles/CMakeTmp/CMAKE_TRY_COMPILE.build/Debug/cmTC_d8999.build/DerivedSources -Wmost -Wno-four-char-constants -Wno-unknown-pragmas -F/Users/andewx/Developer/Maketools/pbrt-v3/xcode-build/CMakeFiles/CMakeTmp/Debug -MMD -MT dependencies -MF /Users/andewx/Developer/Maketools/pbrt-v3/xcode-build/CMakeFiles/CMakeTmp/CMAKE_TRY_COMPILE.build/Debug/cmTC_d8999.build/Objects-normal/x86_64/HAVE___UINT16.d --serialize-diagnostics /Users/andewx/Developer/Maketools/pbrt-v3/xcode-build/CMakeFiles/CMakeTmp/CMAKE_TRY_COMPILE.build/Debug/cmTC_d8999.build/Objects-normal/x86_64/HAVE___UINT16.dia -c /Users/andewx/Developer/Maketools/pbrt-v3/xcode-build/CMakeFiles/CheckTypeSize/HAVE___UINT16.c -o /Users/andewx/Developer/Maketools/pbrt-v3/xcode-build/CMakeFiles/CMakeTmp/CMAKE_TRY_COMPILE.build/Debug/cmTC_d8999.build/Objects-normal/x86_64/HAVE___UINT16.o
/Users/andewx/Developer/Maketools/pbrt-v3/xcode-build/CMakeFiles/CheckTypeSize/HAVE___UINT16.c:25:12: error: expected ')'
  ('0' + ((SIZE / 10000)%10)),
           ^
/Users/andewx/Developer/Maketools/pbrt-v3/xcode-build/CMakeFiles/CheckTypeSize/HAVE___UINT16.c:23:31: note: expanded from macro 'SIZE'
#define SIZE (sizeof(unsigned __int16))
                              ^
/Users/andewx/Developer/Maketools/pbrt-v3/xcode-build/CMakeFiles/CheckTypeSize/HAVE___UINT16.c:25:12: note: to match this '('
/Users/andewx/Developer/Maketools/pbrt-v3/xcode-build/CMakeFiles/CheckTypeSize/HAVE___UINT16.c:23:21: note: expanded from macro 'SIZE'
#define SIZE (sizeof(unsigned __int16))
                    ^
/Users/andewx/Developer/Maketools/pbrt-v3/xcode-build/CMakeFiles/CheckTypeSize/HAVE___UINT16.c:26:12: error: expected ')'
  ('0' + ((SIZE / 1000)%10)),
           ^
/Users/andewx/Developer/Maketools/pbrt-v3/xcode-build/CMakeFiles/CheckTypeSize/HAVE___UINT16.c:23:31: note: expanded from macro 'SIZE'
#define SIZE (sizeof(unsigned __int16))
                              ^
/Users/andewx/Developer/Maketools/pbrt-v3/xcode-build/CMakeFiles/CheckTypeSize/HAVE___UINT16.c:26:12: note: to match this '('
/Users/andewx/Developer/Maketools/pbrt-v3/xcode-build/CMakeFiles/CheckTypeSize/HAVE___UINT16.c:23:21: note: expanded from macro 'SIZE'
#define SIZE (sizeof(unsigned __int16))
                    ^
/Users/andewx/Developer/Maketools/pbrt-v3/xcode-build/CMakeFiles/CheckTypeSize/HAVE___UINT16.c:27:12: error: expected ')'
  ('0' + ((SIZE / 100)%10)),
           ^
/Users/andewx/Developer/Maketools/pbrt-v3/xcode-build/CMakeFiles/CheckTypeSize/HAVE___UINT16.c:23:31: note: expanded from macro 'SIZE'
#define SIZE (sizeof(unsigned __int16))
                              ^
/Users/andewx/Developer/Maketools/pbrt-v3/xcode-build/CMakeFiles/CheckTypeSize/HAVE___UINT16.c:27:12: note: to match this '('
/Users/andewx/Developer/Maketools/pbrt-v3/xcode-build/CMakeFiles/CheckTypeSize/HAVE___UINT16.c:23:21: note: expanded from macro 'SIZE'
#define SIZE (sizeof(unsigned __int16))
                    ^
/Users/andewx/Developer/Maketools/pbrt-v3/xcode-build/CMakeFiles/CheckTypeSize/HAVE___UINT16.c:28:12: error: expected ')'
  ('0' + ((SIZE / 10)%10)),
           ^
/Users/andewx/Developer/Maketools/pbrt-v3/xcode-build/CMakeFiles/CheckTypeSize/HAVE___UINT16.c:23:31: note: expanded from macro 'SIZE'
#define SIZE (sizeof(unsigned __int16))
                              ^
/Users/andewx/Developer/Maketools/pbrt-v3/xcode-build/CMakeFiles/CheckTypeSize/HAVE___UINT16.c:28:12: note: to match this '('
/Users/andewx/Developer/Maketools/pbrt-v3/xcode-build/CMakeFiles/CheckTypeSize/HAVE___UINT16.c:23:21: note: expanded from macro 'SIZE'
#define SIZE (sizeof(unsigned __int16))
                    ^
/Users/andewx/Developer/Maketools/pbrt-v3/xcode-build/CMakeFiles/CheckTypeSize/HAVE___UINT16.c:29:12: error: expected ')'
  ('0' +  (SIZE    % 10)),
           ^
/Users/andewx/Developer/Maketools/pbrt-v3/xcode-build/CMakeFiles/CheckTypeSize/HAVE___UINT16.c:23:31: note: expanded from macro 'SIZE'
#define SIZE (sizeof(unsigned __int16))
                              ^
/Users/andewx/Developer/Maketools/pbrt-v3/xcode-build/CMakeFiles/CheckTypeSize/HAVE___UINT16.c:29:12: note: to match this '('
/Users/andewx/Developer/Maketools/pbrt-v3/xcode-build/CMakeFiles/CheckTypeSize/HAVE___UINT16.c:23:21: note: expanded from macro 'SIZE'
#define SIZE (sizeof(unsigned __int16))
                    ^
5 errors generated.

** BUILD FAILED **


The following build commands failed:
	CompileC CMAKE_TRY_COMPILE.build/Debug/cmTC_d8999.build/Objects-normal/x86_64/HAVE___UINT16.o /Users/andewx/Developer/Maketools/pbrt-v3/xcode-build/CMakeFiles/CheckTypeSize/HAVE___UINT16.c normal x86_64 c com.apple.compilers.llvm.clang.1_0.compiler
(1 failure)

/Users/andewx/Developer/Maketools/pbrt-v3/xcode-build/CMakeFiles/CheckTypeSize/HAVE___UINT16.c:
#include <sys/types.h>
#include <stdint.h>
#include <stddef.h>


#undef KEY
#if defined(__i386)
# define KEY '_','_','i','3','8','6'
#elif defined(__x86_64)
# define KEY '_','_','x','8','6','_','6','4'
#elif defined(__ppc__)
# define KEY '_','_','p','p','c','_','_'
#elif defined(__ppc64__)
# define KEY '_','_','p','p','c','6','4','_','_'
#elif defined(__aarch64__)
# define KEY '_','_','a','a','r','c','h','6','4','_','_'
#elif defined(__ARM_ARCH_7A__)
# define KEY '_','_','A','R','M','_','A','R','C','H','_','7','A','_','_'
#elif defined(__ARM_ARCH_7S__)
# define KEY '_','_','A','R','M','_','A','R','C','H','_','7','S','_','_'
#endif

#define SIZE (sizeof(unsigned __int16))
char info_size[] =  {'I', 'N', 'F', 'O', ':', 's','i','z','e','[',
  ('0' + ((SIZE / 10000)%10)),
  ('0' + ((SIZE / 1000)%10)),
  ('0' + ((SIZE / 100)%10)),
  ('0' + ((SIZE / 10)%10)),
  ('0' +  (SIZE    % 10)),
  ']',
#ifdef KEY
  ' ','k','e','y','[', KEY, ']',
#endif
  '\0'};

#ifdef __CLASSIC_C__
int main(argc, argv) int argc; char *argv[];
#else
int main(int argc, char *argv[])
#endif
{
  int require = 0;
  require += info_size[argc];
  (void)argv;
  return require;
}


Determining if the function get_static_proc_name exists in the unwind failed with the following output:
Change Dir: /Users/andewx/Developer/Maketools/pbrt-v3/xcode-build/CMakeFiles/CMakeTmp

Run Build Command:"/usr/bin/xcodebuild" "-project" "CMAKE_TRY_COMPILE.xcodeproj" "build" "-target" "cmTC_769ea" "-configuration" "Debug"
Prepare build
note: Using legacy build system

=== BUILD TARGET cmTC_769ea OF PROJECT CMAKE_TRY_COMPILE WITH CONFIGURATION Debug ===

Check dependencies

Write auxiliary files
/bin/mkdir -p /Users/andewx/Developer/Maketools/pbrt-v3/xcode-build/CMakeFiles/CMakeTmp/CMAKE_TRY_COMPILE.build/Debug/cmTC_769ea.build/Objects-normal/x86_64
write-file /Users/andewx/Developer/Maketools/pbrt-v3/xcode-build/CMakeFiles/CMakeTmp/CMAKE_TRY_COMPILE.build/Debug/cmTC_769ea.build/Objects-normal/x86_64/cmTC_769ea.LinkFileList

CompileC CMAKE_TRY_COMPILE.build/Debug/cmTC_769ea.build/Objects-normal/x86_64/CheckFunctionExists.o /Applications/CMake.app/Contents/share/cmake-3.13/Modules/CheckFunctionExists.c normal x86_64 c com.apple.compilers.llvm.clang.1_0.compiler
    cd /Users/andewx/Developer/Maketools/pbrt-v3/xcode-build/CMakeFiles/CMakeTmp
    export LANG=en_US.US-ASCII
    /Applications/Xcode.app/Contents/Developer/Toolchains/XcodeDefault.xctoolchain/usr/bin/clang -x c -arch x86_64 -fmessage-length=0 -fdiagnostics-show-note-include-stack -fmacro-backtrace-limit=0 -Wno-trigraphs -fpascal-strings -O0 -Wno-missing-field-initializers -Wno-missing-prototypes -Wno-return-type -Wno-missing-braces -Wparentheses -Wswitch -Wno-unused-function -Wno-unused-label -Wno-unused-parameter -Wno-unused-variable -Wunused-value -Wno-empty-body -Wno-uninitialized -Wno-unknown-pragmas -Wno-shadow -Wno-four-char-constants -Wno-conversion -Wno-constant-conversion -Wno-int-conversion -Wno-bool-conversion -Wno-enum-conversion -Wno-float-conversion -Wno-non-literal-null-conversion -Wno-objc-literal-conversion -Wno-shorten-64-to-32 -Wpointer-sign -Wno-newline-eof -DCMAKE_INTDIR=\"Debug\" -isysroot /Applications/Xcode.app/Contents/Developer/Platforms/MacOSX.platform/Developer/SDKs/MacOSX10.14.sdk -fasm-blocks -fstrict-aliasing -Wdeprecated-declarations -mmacosx-version-min=10.14 -g -Wno-sign-conversion -Wno-infinite-recursion -Wno-comma -Wno-block-capture-autoreleasing -Wno-strict-prototypes -Wno-semicolon-before-method-body -I/Users/andewx/Developer/Maketools/pbrt-v3/xcode-build/CMakeFiles/CMakeTmp/Debug/include -I/Users/andewx/Developer/Maketools/pbrt-v3/xcode-build/CMakeFiles/CMakeTmp/CMAKE_TRY_COMPILE.build/Debug/cmTC_769ea.build/DerivedSources-normal/x86_64 -I/Users/andewx/Developer/Maketools/pbrt-v3/xcode-build/CMakeFiles/CMakeTmp/CMAKE_TRY_COMPILE.build/Debug/cmTC_769ea.build/DerivedSources/x86_64 -I/Users/andewx/Developer/Maketools/pbrt-v3/xcode-build/CMakeFiles/CMakeTmp/CMAKE_TRY_COMPILE.build/Debug/cmTC_769ea.build/DerivedSources -Wmost -Wno-four-char-constants -Wno-unknown-pragmas -F/Users/andewx/Developer/Maketools/pbrt-v3/xcode-build/CMakeFiles/CMakeTmp/Debug -DCHECK_FUNCTION_EXISTS=get_static_proc_name -MMD -MT dependencies -MF /Users/andewx/Developer/Maketools/pbrt-v3/xcode-build/CMakeFiles/CMakeTmp/CMAKE_TRY_COMPILE.build/Debug/cmTC_769ea.build/Objects-normal/x86_64/CheckFunctionExists.d --serialize-diagnostics /Users/andewx/Developer/Maketools/pbrt-v3/xcode-build/CMakeFiles/CMakeTmp/CMAKE_TRY_COMPILE.build/Debug/cmTC_769ea.build/Objects-normal/x86_64/CheckFunctionExists.dia -c /Applications/CMake.app/Contents/share/cmake-3.13/Modules/CheckFunctionExists.c -o /Users/andewx/Developer/Maketools/pbrt-v3/xcode-build/CMakeFiles/CMakeTmp/CMAKE_TRY_COMPILE.build/Debug/cmTC_769ea.build/Objects-normal/x86_64/CheckFunctionExists.o

Ld Debug/cmTC_769ea normal x86_64
    cd /Users/andewx/Developer/Maketools/pbrt-v3/xcode-build/CMakeFiles/CMakeTmp
    export MACOSX_DEPLOYMENT_TARGET=10.14
    /Applications/Xcode.app/Contents/Developer/Toolchains/XcodeDefault.xctoolchain/usr/bin/clang -arch x86_64 -isysroot /Applications/Xcode.app/Contents/Developer/Platforms/MacOSX.platform/Developer/SDKs/MacOSX10.14.sdk -L/Users/andewx/Developer/Maketools/pbrt-v3/xcode-build/CMakeFiles/CMakeTmp/Debug -F/Users/andewx/Developer/Maketools/pbrt-v3/xcode-build/CMakeFiles/CMakeTmp/Debug -filelist /Users/andewx/Developer/Maketools/pbrt-v3/xcode-build/CMakeFiles/CMakeTmp/CMAKE_TRY_COMPILE.build/Debug/cmTC_769ea.build/Objects-normal/x86_64/cmTC_769ea.LinkFileList -mmacosx-version-min=10.14 -Xlinker -object_path_lto -Xlinker /Users/andewx/Developer/Maketools/pbrt-v3/xcode-build/CMakeFiles/CMakeTmp/CMAKE_TRY_COMPILE.build/Debug/cmTC_769ea.build/Objects-normal/x86_64/cmTC_769ea_lto.o -Xlinker -no_deduplicate -Wl,-search_paths_first -Wl,-headerpad_max_install_names -lunwind -Xlinker -dependency_info -Xlinker /Users/andewx/Developer/Maketools/pbrt-v3/xcode-build/CMakeFiles/CMakeTmp/CMAKE_TRY_COMPILE.build/Debug/cmTC_769ea.build/Objects-normal/x86_64/cmTC_769ea_dependency_info.dat -o /Users/andewx/Developer/Maketools/pbrt-v3/xcode-build/CMakeFiles/CMakeTmp/Debug/cmTC_769ea
ld: library not found for -lunwind
clang: error: linker command failed with exit code 1 (use -v to see invocation)

** BUILD FAILED **


The following build commands failed:
	Ld Debug/cmTC_769ea normal x86_64
(1 failure)


Performing C SOURCE FILE Test HAVE___DECLSPEC failed with the following output:
Change Dir: /Users/andewx/Developer/Maketools/pbrt-v3/xcode-build/CMakeFiles/CMakeTmp

Run Build Command:"/usr/bin/xcodebuild" "-project" "CMAKE_TRY_COMPILE.xcodeproj" "build" "-target" "cmTC_9654e" "-configuration" "Debug"
Prepare build
note: Using legacy build system

=== BUILD TARGET cmTC_9654e OF PROJECT CMAKE_TRY_COMPILE WITH CONFIGURATION Debug ===

Check dependencies

Write auxiliary files
/bin/mkdir -p /Users/andewx/Developer/Maketools/pbrt-v3/xcode-build/CMakeFiles/CMakeTmp/CMAKE_TRY_COMPILE.build/Debug/cmTC_9654e.build/Objects-normal/x86_64
write-file /Users/andewx/Developer/Maketools/pbrt-v3/xcode-build/CMakeFiles/CMakeTmp/CMAKE_TRY_COMPILE.build/Debug/cmTC_9654e.build/Objects-normal/x86_64/cmTC_9654e.LinkFileList

CompileC CMAKE_TRY_COMPILE.build/Debug/cmTC_9654e.build/Objects-normal/x86_64/src.o src.c normal x86_64 c com.apple.compilers.llvm.clang.1_0.compiler
    cd /Users/andewx/Developer/Maketools/pbrt-v3/xcode-build/CMakeFiles/CMakeTmp
    export LANG=en_US.US-ASCII
    /Applications/Xcode.app/Contents/Developer/Toolchains/XcodeDefault.xctoolchain/usr/bin/clang -x c -arch x86_64 -fmessage-length=0 -fdiagnostics-show-note-include-stack -fmacro-backtrace-limit=0 -Wno-trigraphs -fpascal-strings -O0 -Wno-missing-field-initializers -Wno-missing-prototypes -Wno-return-type -Wno-missing-braces -Wparentheses -Wswitch -Wno-unused-function -Wno-unused-label -Wno-unused-parameter -Wno-unused-variable -Wunused-value -Wno-empty-body -Wno-uninitialized -Wno-unknown-pragmas -Wno-shadow -Wno-four-char-constants -Wno-conversion -Wno-constant-conversion -Wno-int-conversion -Wno-bool-conversion -Wno-enum-conversion -Wno-float-conversion -Wno-non-literal-null-conversion -Wno-objc-literal-conversion -Wno-shorten-64-to-32 -Wpointer-sign -Wno-newline-eof -DCMAKE_INTDIR=\"Debug\" -isysroot /Applications/Xcode.app/Contents/Developer/Platforms/MacOSX.platform/Developer/SDKs/MacOSX10.14.sdk -fasm-blocks -fstrict-aliasing -Wdeprecated-declarations -mmacosx-version-min=10.14 -g -Wno-sign-conversion -Wno-infinite-recursion -Wno-comma -Wno-block-capture-autoreleasing -Wno-strict-prototypes -Wno-semicolon-before-method-body -I/Users/andewx/Developer/Maketools/pbrt-v3/xcode-build/CMakeFiles/CMakeTmp/Debug/include -I/Users/andewx/Developer/Maketools/pbrt-v3/xcode-build/CMakeFiles/CMakeTmp/CMAKE_TRY_COMPILE.build/Debug/cmTC_9654e.build/DerivedSources-normal/x86_64 -I/Users/andewx/Developer/Maketools/pbrt-v3/xcode-build/CMakeFiles/CMakeTmp/CMAKE_TRY_COMPILE.build/Debug/cmTC_9654e.build/DerivedSources/x86_64 -I/Users/andewx/Developer/Maketools/pbrt-v3/xcode-build/CMakeFiles/CMakeTmp/CMAKE_TRY_COMPILE.build/Debug/cmTC_9654e.build/DerivedSources -Wmost -Wno-four-char-constants -Wno-unknown-pragmas -F/Users/andewx/Developer/Maketools/pbrt-v3/xcode-build/CMakeFiles/CMakeTmp/Debug -DHAVE___DECLSPEC -MMD -MT dependencies -MF /Users/andewx/Developer/Maketools/pbrt-v3/xcode-build/CMakeFiles/CMakeTmp/CMAKE_TRY_COMPILE.build/Debug/cmTC_9654e.build/Objects-normal/x86_64/src.d --serialize-diagnostics /Users/andewx/Developer/Maketools/pbrt-v3/xcode-build/CMakeFiles/CMakeTmp/CMAKE_TRY_COMPILE.build/Debug/cmTC_9654e.build/Objects-normal/x86_64/src.dia -c /Users/andewx/Developer/Maketools/pbrt-v3/xcode-build/CMakeFiles/CMakeTmp/src.c -o /Users/andewx/Developer/Maketools/pbrt-v3/xcode-build/CMakeFiles/CMakeTmp/CMAKE_TRY_COMPILE.build/Debug/cmTC_9654e.build/Objects-normal/x86_64/src.o
/Users/andewx/Developer/Maketools/pbrt-v3/xcode-build/CMakeFiles/CMakeTmp/src.c:2:1: error: '__declspec' attributes are not enabled; use '-fdeclspec' or '-fms-extensions' to enable support for __declspec attributes
__declspec(selectany) int a;
^
1 error generated.

** BUILD FAILED **


The following build commands failed:
	CompileC CMAKE_TRY_COMPILE.build/Debug/cmTC_9654e.build/Objects-normal/x86_64/src.o src.c normal x86_64 c com.apple.compilers.llvm.clang.1_0.compiler
(1 failure)

Source file was:

__declspec(selectany) int a;
int main(void) { return 0; }

Performing C++ SOURCE FILE Test STL_NO_NAMESPACE failed with the following output:
Change Dir: /Users/andewx/Developer/Maketools/pbrt-v3/xcode-build/CMakeFiles/CMakeTmp

Run Build Command:"/usr/bin/xcodebuild" "-project" "CMAKE_TRY_COMPILE.xcodeproj" "build" "-target" "cmTC_73f67" "-configuration" "Debug"
Prepare build
note: Using legacy build system

=== BUILD TARGET cmTC_73f67 OF PROJECT CMAKE_TRY_COMPILE WITH CONFIGURATION Debug ===

Check dependencies

Write auxiliary files
/bin/mkdir -p /Users/andewx/Developer/Maketools/pbrt-v3/xcode-build/CMakeFiles/CMakeTmp/CMAKE_TRY_COMPILE.build/Debug/cmTC_73f67.build/Objects-normal/x86_64
write-file /Users/andewx/Developer/Maketools/pbrt-v3/xcode-build/CMakeFiles/CMakeTmp/CMAKE_TRY_COMPILE.build/Debug/cmTC_73f67.build/Objects-normal/x86_64/cmTC_73f67.LinkFileList

CompileC CMAKE_TRY_COMPILE.build/Debug/cmTC_73f67.build/Objects-normal/x86_64/src.o src.cxx normal x86_64 c++ com.apple.compilers.llvm.clang.1_0.compiler
    cd /Users/andewx/Developer/Maketools/pbrt-v3/xcode-build/CMakeFiles/CMakeTmp
    export LANG=en_US.US-ASCII
    /Applications/Xcode.app/Contents/Developer/Toolchains/XcodeDefault.xctoolchain/usr/bin/clang -x c++ -arch x86_64 -fmessage-length=0 -fdiagnostics-show-note-include-stack -fmacro-backtrace-limit=0 -Wno-trigraphs -fpascal-strings -O0 -Wno-missing-field-initializers -Wno-missing-prototypes -Wno-return-type -Wno-non-virtual-dtor -Wno-overloaded-virtual -Wno-exit-time-destructors -Wno-missing-braces -Wparentheses -Wswitch -Wno-unused-function -Wno-unused-label -Wno-unused-parameter -Wno-unused-variable -Wunused-value -Wno-empty-body -Wno-uninitialized -Wno-unknown-pragmas -Wno-shadow -Wno-four-char-constants -Wno-conversion -Wno-constant-conversion -Wno-int-conversion -Wno-bool-conversion -Wno-enum-conversion -Wno-float-conversion -Wno-non-literal-null-conversion -Wno-objc-literal-conversion -Wno-shorten-64-to-32 -Wno-newline-eof -Wno-c++11-extensions -DCMAKE_INTDIR=\"Debug\" -isysroot /Applications/Xcode.app/Contents/Developer/Platforms/MacOSX.platform/Developer/SDKs/MacOSX10.14.sdk -fasm-blocks -fstrict-aliasing -Wdeprecated-declarations -Winvalid-offsetof -mmacosx-version-min=10.14 -g -Wno-sign-conversion -Wno-infinite-recursion -Wno-move -Wno-comma -Wno-block-capture-autoreleasing -Wno-strict-prototypes -Wno-range-loop-analysis -Wno-semicolon-before-method-body -I/Users/andewx/Developer/Maketools/pbrt-v3/xcode-build/CMakeFiles/CMakeTmp/Debug/include -I/Users/andewx/Developer/Maketools/pbrt-v3/xcode-build/CMakeFiles/CMakeTmp/CMAKE_TRY_COMPILE.build/Debug/cmTC_73f67.build/DerivedSources-normal/x86_64 -I/Users/andewx/Developer/Maketools/pbrt-v3/xcode-build/CMakeFiles/CMakeTmp/CMAKE_TRY_COMPILE.build/Debug/cmTC_73f67.build/DerivedSources/x86_64 -I/Users/andewx/Developer/Maketools/pbrt-v3/xcode-build/CMakeFiles/CMakeTmp/CMAKE_TRY_COMPILE.build/Debug/cmTC_73f67.build/DerivedSources -Wmost -Wno-four-char-constants -Wno-unknown-pragmas -F/Users/andewx/Developer/Maketools/pbrt-v3/xcode-build/CMakeFiles/CMakeTmp/Debug -std=c++11 -Wno-deprecated-register -DSTL_NO_NAMESPACE -MMD -MT dependencies -MF /Users/andewx/Developer/Maketools/pbrt-v3/xcode-build/CMakeFiles/CMakeTmp/CMAKE_TRY_COMPILE.build/Debug/cmTC_73f67.build/Objects-normal/x86_64/src.d --serialize-diagnostics /Users/andewx/Developer/Maketools/pbrt-v3/xcode-build/CMakeFiles/CMakeTmp/CMAKE_TRY_COMPILE.build/Debug/cmTC_73f67.build/Objects-normal/x86_64/src.dia -c /Users/andewx/Developer/Maketools/pbrt-v3/xcode-build/CMakeFiles/CMakeTmp/src.cxx -o /Users/andewx/Developer/Maketools/pbrt-v3/xcode-build/CMakeFiles/CMakeTmp/CMAKE_TRY_COMPILE.build/Debug/cmTC_73f67.build/Objects-normal/x86_64/src.o
/Users/andewx/Developer/Maketools/pbrt-v3/xcode-build/CMakeFiles/CMakeTmp/src.cxx:3:1: error: no template named 'vector'; did you mean 'std::vector'?
vector<int> t; int main() { }
^~~~~~
std::vector
In file included from /Users/andewx/Developer/Maketools/pbrt-v3/xcode-build/CMakeFiles/CMakeTmp/src.cxx:2:
/Applications/Xcode.app/Contents/Developer/Toolchains/XcodeDefault.xctoolchain/usr/include/c++/v1/vector:464:28: note: 'std::vector' declared here
class _LIBCPP_TEMPLATE_VIS vector
                           ^
1 error generated.

** BUILD FAILED **


The following build commands failed:
	CompileC CMAKE_TRY_COMPILE.build/Debug/cmTC_73f67.build/Objects-normal/x86_64/src.o src.cxx normal x86_64 c++ com.apple.compilers.llvm.clang.1_0.compiler
(1 failure)

Source file was:

#include <vector>
vector<int> t; int main() { }

